# JRE version: OpenJDK Runtime Environment (8.0_152-b02) (build 1.8.0_152-release-1024-b02)
# Java VM: OpenJDK 64-Bit Server VM (25.152-b02 mixed mode windows-amd64 compressed oops)
Heap:
 PSYoungGen      total 210432K, used 171581K [0x00000000e0000000, 0x00000000ef800000, 0x0000000100000000)
  eden space 181760K, 87% used [0x00000000e0000000,0x00000000e9b2a518,0x00000000eb180000)
  from space 28672K, 44% used [0x00000000eb180000,0x00000000ebde5100,0x00000000ecd80000)
  to   space 27136K, 0% used [0x00000000edd80000,0x00000000edd80000,0x00000000ef800000)
 ParOldGen       total 143360K, used 60522K [0x00000000a0000000, 0x00000000a8c00000, 0x00000000e0000000)
  object space 143360K, 42% used [0x00000000a0000000,0x00000000a3b1a910,0x00000000a8c00000)
 Metaspace       used 78201K, capacity 81345K, committed 81664K, reserved 1120256K
  class space    used 10229K, capacity 10973K, committed 11008K, reserved 1048576K
GC Heap History (10 events):
Event: 43.474 GC heap before
{Heap before GC invocations=18 (full 3):
 PSYoungGen      total 153600K, used 153227K [0x00000000e0000000, 0x00000000eb100000, 0x0000000100000000)
  eden space 140800K, 100% used [0x00000000e0000000,0x00000000e8980000,0x00000000e8980000)
  from space 12800K, 97% used [0x00000000ea480000,0x00000000eb0a2e28,0x00000000eb100000)
  to   space 19968K, 0% used [0x00000000e8a00000,0x00000000e8a00000,0x00000000e9d80000)
 ParOldGen       total 143360K, used 34439K [0x00000000a0000000, 0x00000000a8c00000, 0x00000000e0000000)
  object space 143360K, 24% used [0x00000000a0000000,0x00000000a21a1dd0,0x00000000a8c00000)
 Metaspace       used 66079K, capacity 68182K, committed 68480K, reserved 1107968K
  class space    used 8967K, capacity 9562K, committed 9600K, reserved 1048576K
Event: 43.506 GC heap after
Heap after GC invocations=18 (full 3):
 PSYoungGen      total 161280K, used 19954K [0x00000000e0000000, 0x00000000ed500000, 0x0000000100000000)
  eden space 141312K, 0% used [0x00000000e0000000,0x00000000e0000000,0x00000000e8a00000)
  from space 19968K, 99% used [0x00000000e8a00000,0x00000000e9d7c9a0,0x00000000e9d80000)
  to   space 24576K, 0% used [0x00000000ebd00000,0x00000000ebd00000,0x00000000ed500000)
 ParOldGen       total 143360K, used 39509K [0x00000000a0000000, 0x00000000a8c00000, 0x00000000e0000000)
  object space 143360K, 27% used [0x00000000a0000000,0x00000000a2695448,0x00000000a8c00000)
 Metaspace       used 66079K, capacity 68182K, committed 68480K, reserved 1107968K
  class space    used 8967K, capacity 9562K, committed 9600K, reserved 1048576K
}
Event: 49.567 GC heap before
{Heap before GC invocations=19 (full 3):
 PSYoungGen      total 161280K, used 161266K [0x00000000e0000000, 0x00000000ed500000, 0x0000000100000000)
  eden space 141312K, 100% used [0x00000000e0000000,0x00000000e8a00000,0x00000000e8a00000)
  from space 19968K, 99% used [0x00000000e8a00000,0x00000000e9d7c9a0,0x00000000e9d80000)
  to   space 24576K, 0% used [0x00000000ebd00000,0x00000000ebd00000,0x00000000ed500000)
 ParOldGen       total 143360K, used 39509K [0x00000000a0000000, 0x00000000a8c00000, 0x00000000e0000000)
  object space 143360K, 27% used [0x00000000a0000000,0x00000000a2695448,0x00000000a8c00000)
 Metaspace       used 72010K, capacity 74699K, committed 74880K, reserved 1114112K
  class space    used 9593K, capacity 10286K, committed 10368K, reserved 1048576K
Event: 49.704 GC heap after
Heap after GC invocations=19 (full 3):
 PSYoungGen      total 189440K, used 24572K [0x00000000e0000000, 0x00000000ee000000, 0x0000000100000000)
  eden space 164864K, 0% used [0x00000000e0000000,0x00000000e0000000,0x00000000ea100000)
  from space 24576K, 99% used [0x00000000ebd00000,0x00000000ed4ff238,0x00000000ed500000)
  to   space 28672K, 0% used [0x00000000ea100000,0x00000000ea100000,0x00000000ebd00000)
 ParOldGen       total 143360K, used 41839K [0x00000000a0000000, 0x00000000a8c00000, 0x00000000e0000000)
  object space 143360K, 29% used [0x00000000a0000000,0x00000000a28dbd90,0x00000000a8c00000)
 Metaspace       used 72010K, capacity 74699K, committed 74880K, reserved 1114112K
  class space    used 9593K, capacity 10286K, committed 10368K, reserved 1048576K
}
Event: 65.873 GC heap before
{Heap before GC invocations=20 (full 3):
 PSYoungGen      total 189440K, used 189436K [0x00000000e0000000, 0x00000000ee000000, 0x0000000100000000)
  eden space 164864K, 100% used [0x00000000e0000000,0x00000000ea100000,0x00000000ea100000)
  from space 24576K, 99% used [0x00000000ebd00000,0x00000000ed4ff238,0x00000000ed500000)
  to   space 28672K, 0% used [0x00000000ea100000,0x00000000ea100000,0x00000000ebd00000)
 ParOldGen       total 143360K, used 41839K [0x00000000a0000000, 0x00000000a8c00000, 0x00000000e0000000)
  object space 143360K, 29% used [0x00000000a0000000,0x00000000a28dbd90,0x00000000a8c00000)
 Metaspace       used 74843K, capacity 77679K, committed 77952K, reserved 1116160K
  class space    used 9887K, capacity 10604K, committed 10624K, reserved 1048576K
Event: 65.922 GC heap after
Heap after GC invocations=20 (full 3):
 PSYoungGen      total 193536K, used 19161K [0x00000000e0000000, 0x00000000eef00000, 0x0000000100000000)
  eden space 164864K, 0% used [0x00000000e0000000,0x00000000e0000000,0x00000000ea100000)
  from space 28672K, 66% used [0x00000000ea100000,0x00000000eb3b67c0,0x00000000ebd00000)
  to   space 29696K, 0% used [0x00000000ed200000,0x00000000ed200000,0x00000000eef00000)
 ParOldGen       total 143360K, used 60506K [0x00000000a0000000, 0x00000000a8c00000, 0x00000000e0000000)
  object space 143360K, 42% used [0x00000000a0000000,0x00000000a3b16910,0x00000000a8c00000)
 Metaspace       used 74843K, capacity 77679K, committed 77952K, reserved 1116160K
  class space    used 9887K, capacity 10604K, committed 10624K, reserved 1048576K
}
Event: 199.051 GC heap before
{Heap before GC invocations=21 (full 3):
 PSYoungGen      total 193536K, used 184025K [0x00000000e0000000, 0x00000000eef00000, 0x0000000100000000)
  eden space 164864K, 100% used [0x00000000e0000000,0x00000000ea100000,0x00000000ea100000)
  from space 28672K, 66% used [0x00000000ea100000,0x00000000eb3b67c0,0x00000000ebd00000)
  to   space 29696K, 0% used [0x00000000ed200000,0x00000000ed200000,0x00000000eef00000)
 ParOldGen       total 143360K, used 60506K [0x00000000a0000000, 0x00000000a8c00000, 0x00000000e0000000)
  object space 143360K, 42% used [0x00000000a0000000,0x00000000a3b16910,0x00000000a8c00000)
 Metaspace       used 77006K, capacity 79923K, committed 80000K, reserved 1118208K
  class space    used 10086K, capacity 10810K, committed 10880K, reserved 1048576K
Event: 199.082 GC heap after
Heap after GC invocations=21 (full 3):
 PSYoungGen      total 205824K, used 9973K [0x00000000e0000000, 0x00000000ee980000, 0x0000000100000000)
  eden space 181760K, 0% used [0x00000000e0000000,0x00000000e0000000,0x00000000eb180000)
  from space 24064K, 41% used [0x00000000ed200000,0x00000000edbbd7e0,0x00000000ee980000)
  to   space 28672K, 0% used [0x00000000eb180000,0x00000000eb180000,0x00000000ecd80000)
 ParOldGen       total 143360K, used 60514K [0x00000000a0000000, 0x00000000a8c00000, 0x00000000e0000000)
  object space 143360K, 42% used [0x00000000a0000000,0x00000000a3b18910,0x00000000a8c00000)
 Metaspace       used 77006K, capacity 79923K, committed 80000K, reserved 1118208K
  class space    used 10086K, capacity 10810K, committed 10880K, reserved 1048576K
}
Event: 202.600 GC heap before
{Heap before GC invocations=22 (full 3):
 PSYoungGen      total 205824K, used 191733K [0x00000000e0000000, 0x00000000ee980000, 0x0000000100000000)
  eden space 181760K, 100% used [0x00000000e0000000,0x00000000eb180000,0x00000000eb180000)
  from space 24064K, 41% used [0x00000000ed200000,0x00000000edbbd7e0,0x00000000ee980000)
  to   space 28672K, 0% used [0x00000000eb180000,0x00000000eb180000,0x00000000ecd80000)
 ParOldGen       total 143360K, used 60514K [0x00000000a0000000, 0x00000000a8c00000, 0x00000000e0000000)
  object space 143360K, 42% used [0x00000000a0000000,0x00000000a3b18910,0x00000000a8c00000)
 Metaspace       used 77477K, capacity 80557K, committed 80896K, reserved 1120256K
  class space    used 10157K, capacity 10905K, committed 11008K, reserved 1048576K
Event: 202.630 GC heap after
Heap after GC invocations=22 (full 3):
 PSYoungGen      total 210432K, used 12692K [0x00000000e0000000, 0x00000000ef800000, 0x0000000100000000)
  eden space 181760K, 0% used [0x00000000e0000000,0x00000000e0000000,0x00000000eb180000)
  from space 28672K, 44% used [0x00000000eb180000,0x00000000ebde5100,0x00000000ecd80000)
  to   space 27136K, 0% used [0x00000000edd80000,0x00000000edd80000,0x00000000ef800000)
 ParOldGen       total 143360K, used 60522K [0x00000000a0000000, 0x00000000a8c00000, 0x00000000e0000000)
  object space 143360K, 42% used [0x00000000a0000000,0x00000000a3b1a910,0x00000000a8c00000)
 Metaspace       used 77477K, capacity 80557K, committed 80896K, reserved 1120256K
  class space    used 10157K, capacity 10905K, committed 11008K, reserved 1048576K
}

