# JRE version: OpenJDK Runtime Environment (8.0_152-b02) (build 1.8.0_152-release-1024-b02)
# Java VM: OpenJDK 64-Bit Server VM (25.152-b02 mixed mode windows-amd64 compressed oops)
Heap:
 PSYoungGen      total 205824K, used 31006K [0x00000000e0000000, 0x00000000ee600000, 0x0000000100000000)
  eden space 189952K, 7% used [0x00000000e0000000,0x00000000e0ecc4f0,0x00000000eb980000)
  from space 15872K, 99% used [0x00000000ece00000,0x00000000edd7b530,0x00000000edd80000)
  to   space 20992K, 0% used [0x00000000eb980000,0x00000000eb980000,0x00000000ece00000)
 ParOldGen       total 90112K, used 27604K [0x00000000a0000000, 0x00000000a5800000, 0x00000000e0000000)
  object space 90112K, 30% used [0x00000000a0000000,0x00000000a1af5248,0x00000000a5800000)
 Metaspace       used 55369K, capacity 57150K, committed 57344K, reserved 1097728K
  class space    used 7625K, capacity 8106K, committed 8192K, reserved 1048576K
GC Heap History (10 events):
Event: 7.986 GC heap before
{Heap before GC invocations=8 (full 1):
 PSYoungGen      total 106496K, used 105993K [0x00000000e0000000, 0x00000000e9300000, 0x0000000100000000)
  eden space 99328K, 100% used [0x00000000e0000000,0x00000000e6100000,0x00000000e6100000)
  from space 7168K, 92% used [0x00000000e8c00000,0x00000000e9282548,0x00000000e9300000)
  to   space 9728K, 0% used [0x00000000e8000000,0x00000000e8000000,0x00000000e8980000)
 ParOldGen       total 60928K, used 7985K [0x00000000a0000000, 0x00000000a3b80000, 0x00000000e0000000)
  object space 60928K, 13% used [0x00000000a0000000,0x00000000a07cc660,0x00000000a3b80000)
 Metaspace       used 32411K, capacity 33246K, committed 33536K, reserved 1077248K
  class space    used 4542K, capacity 4809K, committed 4864K, reserved 1048576K
Event: 8.009 GC heap after
Heap after GC invocations=8 (full 1):
 PSYoungGen      total 140800K, used 9713K [0x00000000e0000000, 0x00000000ea800000, 0x0000000100000000)
  eden space 131072K, 0% used [0x00000000e0000000,0x00000000e0000000,0x00000000e8000000)
  from space 9728K, 99% used [0x00000000e8000000,0x00000000e897c7a0,0x00000000e8980000)
  to   space 12800K, 0% used [0x00000000e9b80000,0x00000000e9b80000,0x00000000ea800000)
 ParOldGen       total 60928K, used 11852K [0x00000000a0000000, 0x00000000a3b80000, 0x00000000e0000000)
  object space 60928K, 19% used [0x00000000a0000000,0x00000000a0b93260,0x00000000a3b80000)
 Metaspace       used 32411K, capacity 33246K, committed 33536K, reserved 1077248K
  class space    used 4542K, capacity 4809K, committed 4864K, reserved 1048576K
}
Event: 8.246 GC heap before
{Heap before GC invocations=9 (full 1):
 PSYoungGen      total 140800K, used 18920K [0x00000000e0000000, 0x00000000ea800000, 0x0000000100000000)
  eden space 131072K, 7% used [0x00000000e0000000,0x00000000e08fdab8,0x00000000e8000000)
  from space 9728K, 99% used [0x00000000e8000000,0x00000000e897c7a0,0x00000000e8980000)
  to   space 12800K, 0% used [0x00000000e9b80000,0x00000000e9b80000,0x00000000ea800000)
 ParOldGen       total 60928K, used 11852K [0x00000000a0000000, 0x00000000a3b80000, 0x00000000e0000000)
  object space 60928K, 19% used [0x00000000a0000000,0x00000000a0b93260,0x00000000a3b80000)
 Metaspace       used 34460K, capacity 35310K, committed 35416K, reserved 1079296K
  class space    used 4817K, capacity 5092K, committed 5120K, reserved 1048576K
Event: 8.265 GC heap after
Heap after GC invocations=9 (full 1):
 PSYoungGen      total 158720K, used 9830K [0x00000000e0000000, 0x00000000eed00000, 0x0000000100000000)
  eden space 145920K, 0% used [0x00000000e0000000,0x00000000e0000000,0x00000000e8e80000)
  from space 12800K, 76% used [0x00000000e9b80000,0x00000000ea519b88,0x00000000ea800000)
  to   space 13312K, 0% used [0x00000000e8e80000,0x00000000e8e80000,0x00000000e9b80000)
 ParOldGen       total 60928K, used 11860K [0x00000000a0000000, 0x00000000a3b80000, 0x00000000e0000000)
  object space 60928K, 19% used [0x00000000a0000000,0x00000000a0b95260,0x00000000a3b80000)
 Metaspace       used 34460K, capacity 35310K, committed 35416K, reserved 1079296K
  class space    used 4817K, capacity 5092K, committed 5120K, reserved 1048576K
}
Event: 8.265 GC heap before
{Heap before GC invocations=10 (full 2):
 PSYoungGen      total 158720K, used 9830K [0x00000000e0000000, 0x00000000eed00000, 0x0000000100000000)
  eden space 145920K, 0% used [0x00000000e0000000,0x00000000e0000000,0x00000000e8e80000)
  from space 12800K, 76% used [0x00000000e9b80000,0x00000000ea519b88,0x00000000ea800000)
  to   space 13312K, 0% used [0x00000000e8e80000,0x00000000e8e80000,0x00000000e9b80000)
 ParOldGen       total 60928K, used 11860K [0x00000000a0000000, 0x00000000a3b80000, 0x00000000e0000000)
  object space 60928K, 19% used [0x00000000a0000000,0x00000000a0b95260,0x00000000a3b80000)
 Metaspace       used 34460K, capacity 35310K, committed 35416K, reserved 1079296K
  class space    used 4817K, capacity 5092K, committed 5120K, reserved 1048576K
Event: 8.373 GC heap after
Heap after GC invocations=10 (full 2):
 PSYoungGen      total 158720K, used 0K [0x00000000e0000000, 0x00000000eed00000, 0x0000000100000000)
  eden space 145920K, 0% used [0x00000000e0000000,0x00000000e0000000,0x00000000e8e80000)
  from space 12800K, 0% used [0x00000000e9b80000,0x00000000e9b80000,0x00000000ea800000)
  to   space 13312K, 0% used [0x00000000e8e80000,0x00000000e8e80000,0x00000000e9b80000)
 ParOldGen       total 90112K, used 16305K [0x00000000a0000000, 0x00000000a5800000, 0x00000000e0000000)
  object space 90112K, 18% used [0x00000000a0000000,0x00000000a0fec6e0,0x00000000a5800000)
 Metaspace       used 34460K, capacity 35310K, committed 35416K, reserved 1079296K
  class space    used 4817K, capacity 5092K, committed 5120K, reserved 1048576K
}
Event: 10.630 GC heap before
{Heap before GC invocations=11 (full 2):
 PSYoungGen      total 158720K, used 145920K [0x00000000e0000000, 0x00000000eed00000, 0x0000000100000000)
  eden space 145920K, 100% used [0x00000000e0000000,0x00000000e8e80000,0x00000000e8e80000)
  from space 12800K, 0% used [0x00000000e9b80000,0x00000000e9b80000,0x00000000ea800000)
  to   space 13312K, 0% used [0x00000000e8e80000,0x00000000e8e80000,0x00000000e9b80000)
 ParOldGen       total 90112K, used 16305K [0x00000000a0000000, 0x00000000a5800000, 0x00000000e0000000)
  object space 90112K, 18% used [0x00000000a0000000,0x00000000a0fec6e0,0x00000000a5800000)
 Metaspace       used 43419K, capacity 44612K, committed 44800K, reserved 1087488K
  class space    used 5939K, capacity 6287K, committed 6400K, reserved 1048576K
Event: 10.662 GC heap after
Heap after GC invocations=11 (full 2):
 PSYoungGen      total 159232K, used 13280K [0x00000000e0000000, 0x00000000edd80000, 0x0000000100000000)
  eden space 145920K, 0% used [0x00000000e0000000,0x00000000e0000000,0x00000000e8e80000)
  from space 13312K, 99% used [0x00000000e8e80000,0x00000000e9b78190,0x00000000e9b80000)
  to   space 15872K, 0% used [0x00000000ece00000,0x00000000ece00000,0x00000000edd80000)
 ParOldGen       total 90112K, used 19311K [0x00000000a0000000, 0x00000000a5800000, 0x00000000e0000000)
  object space 90112K, 21% used [0x00000000a0000000,0x00000000a12dbd98,0x00000000a5800000)
 Metaspace       used 43419K, capacity 44612K, committed 44800K, reserved 1087488K
  class space    used 5939K, capacity 6287K, committed 6400K, reserved 1048576K
}
Event: 13.453 GC heap before
{Heap before GC invocations=12 (full 2):
 PSYoungGen      total 159232K, used 159200K [0x00000000e0000000, 0x00000000edd80000, 0x0000000100000000)
  eden space 145920K, 100% used [0x00000000e0000000,0x00000000e8e80000,0x00000000e8e80000)
  from space 13312K, 99% used [0x00000000e8e80000,0x00000000e9b78190,0x00000000e9b80000)
  to   space 15872K, 0% used [0x00000000ece00000,0x00000000ece00000,0x00000000edd80000)
 ParOldGen       total 90112K, used 19311K [0x00000000a0000000, 0x00000000a5800000, 0x00000000e0000000)
  object space 90112K, 21% used [0x00000000a0000000,0x00000000a12dbd98,0x00000000a5800000)
 Metaspace       used 54814K, capacity 56702K, committed 56960K, reserved 1097728K
  class space    used 7531K, capacity 8042K, committed 8064K, reserved 1048576K
Event: 13.500 GC heap after
Heap after GC invocations=12 (full 2):
 PSYoungGen      total 205824K, used 15853K [0x00000000e0000000, 0x00000000ee600000, 0x0000000100000000)
  eden space 189952K, 0% used [0x00000000e0000000,0x00000000e0000000,0x00000000eb980000)
  from space 15872K, 99% used [0x00000000ece00000,0x00000000edd7b530,0x00000000edd80000)
  to   space 20992K, 0% used [0x00000000eb980000,0x00000000eb980000,0x00000000ece00000)
 ParOldGen       total 90112K, used 27604K [0x00000000a0000000, 0x00000000a5800000, 0x00000000e0000000)
  object space 90112K, 30% used [0x00000000a0000000,0x00000000a1af5248,0x00000000a5800000)
 Metaspace       used 54814K, capacity 56702K, committed 56960K, reserved 1097728K
  class space    used 7531K, capacity 8042K, committed 8064K, reserved 1048576K
}

