# JRE version: OpenJDK Runtime Environment (8.0_152-b02) (build 1.8.0_152-release-1024-b02)
# Java VM: OpenJDK 64-Bit Server VM (25.152-b02 mixed mode windows-amd64 compressed oops)
Heap:
 PSYoungGen      total 207872K, used 175470K [0x00000000e0000000, 0x00000000ee380000, 0x0000000100000000)
  eden space 186880K, 93% used [0x00000000e0000000,0x00000000eab5b988,0x00000000eb680000)
  from space 20992K, 0% used [0x00000000eb680000,0x00000000eb680000,0x00000000ecb00000)
  to   space 16384K, 0% used [0x00000000ecb00000,0x00000000ecb00000,0x00000000edb00000)
 ParOldGen       total 93184K, used 46617K [0x00000000a0000000, 0x00000000a5b00000, 0x00000000e0000000)
  object space 93184K, 50% used [0x00000000a0000000,0x00000000a2d86560,0x00000000a5b00000)
 Metaspace       used 63254K, capacity 65495K, committed 65664K, reserved 1105920K
  class space    used 8693K, capacity 9276K, committed 9344K, reserved 1048576K
GC Heap History (10 events):
Event: 8.047 GC heap before
{Heap before GC invocations=10 (full 2):
 PSYoungGen      total 159744K, used 9937K [0x00000000e0000000, 0x00000000ee680000, 0x0000000100000000)
  eden space 146944K, 0% used [0x00000000e0000000,0x00000000e0000000,0x00000000e8f80000)
  from space 12800K, 77% used [0x00000000e9c80000,0x00000000ea634410,0x00000000ea900000)
  to   space 13312K, 0% used [0x00000000e8f80000,0x00000000e8f80000,0x00000000e9c80000)
 ParOldGen       total 60928K, used 11846K [0x00000000a0000000, 0x00000000a3b80000, 0x00000000e0000000)
  object space 60928K, 19% used [0x00000000a0000000,0x00000000a0b918e8,0x00000000a3b80000)
 Metaspace       used 34497K, capacity 35374K, committed 35416K, reserved 1079296K
  class space    used 4816K, capacity 5092K, committed 5120K, reserved 1048576K
Event: 8.158 GC heap after
Heap after GC invocations=10 (full 2):
 PSYoungGen      total 159744K, used 0K [0x00000000e0000000, 0x00000000ee680000, 0x0000000100000000)
  eden space 146944K, 0% used [0x00000000e0000000,0x00000000e0000000,0x00000000e8f80000)
  from space 12800K, 0% used [0x00000000e9c80000,0x00000000e9c80000,0x00000000ea900000)
  to   space 13312K, 0% used [0x00000000e8f80000,0x00000000e8f80000,0x00000000e9c80000)
 ParOldGen       total 93184K, used 16390K [0x00000000a0000000, 0x00000000a5b00000, 0x00000000e0000000)
  object space 93184K, 17% used [0x00000000a0000000,0x00000000a1001bf0,0x00000000a5b00000)
 Metaspace       used 34497K, capacity 35374K, committed 35416K, reserved 1079296K
  class space    used 4816K, capacity 5092K, committed 5120K, reserved 1048576K
}
Event: 10.379 GC heap before
{Heap before GC invocations=11 (full 2):
 PSYoungGen      total 159744K, used 146944K [0x00000000e0000000, 0x00000000ee680000, 0x0000000100000000)
  eden space 146944K, 100% used [0x00000000e0000000,0x00000000e8f80000,0x00000000e8f80000)
  from space 12800K, 0% used [0x00000000e9c80000,0x00000000e9c80000,0x00000000ea900000)
  to   space 13312K, 0% used [0x00000000e8f80000,0x00000000e8f80000,0x00000000e9c80000)
 ParOldGen       total 93184K, used 16390K [0x00000000a0000000, 0x00000000a5b00000, 0x00000000e0000000)
  object space 93184K, 17% used [0x00000000a0000000,0x00000000a1001bf0,0x00000000a5b00000)
 Metaspace       used 43533K, capacity 44646K, committed 44800K, reserved 1087488K
  class space    used 5962K, capacity 6321K, committed 6400K, reserved 1048576K
Event: 10.406 GC heap after
Heap after GC invocations=11 (full 2):
 PSYoungGen      total 160256K, used 13304K [0x00000000e0000000, 0x00000000edb00000, 0x0000000100000000)
  eden space 146944K, 0% used [0x00000000e0000000,0x00000000e0000000,0x00000000e8f80000)
  from space 13312K, 99% used [0x00000000e8f80000,0x00000000e9c7e170,0x00000000e9c80000)
  to   space 16384K, 0% used [0x00000000ecb00000,0x00000000ecb00000,0x00000000edb00000)
 ParOldGen       total 93184K, used 19430K [0x00000000a0000000, 0x00000000a5b00000, 0x00000000e0000000)
  object space 93184K, 20% used [0x00000000a0000000,0x00000000a12f9ba8,0x00000000a5b00000)
 Metaspace       used 43533K, capacity 44646K, committed 44800K, reserved 1087488K
  class space    used 5962K, capacity 6321K, committed 6400K, reserved 1048576K
}
Event: 12.949 GC heap before
{Heap before GC invocations=12 (full 2):
 PSYoungGen      total 160256K, used 160248K [0x00000000e0000000, 0x00000000edb00000, 0x0000000100000000)
  eden space 146944K, 100% used [0x00000000e0000000,0x00000000e8f80000,0x00000000e8f80000)
  from space 13312K, 99% used [0x00000000e8f80000,0x00000000e9c7e170,0x00000000e9c80000)
  to   space 16384K, 0% used [0x00000000ecb00000,0x00000000ecb00000,0x00000000edb00000)
 ParOldGen       total 93184K, used 19430K [0x00000000a0000000, 0x00000000a5b00000, 0x00000000e0000000)
  object space 93184K, 20% used [0x00000000a0000000,0x00000000a12f9ba8,0x00000000a5b00000)
 Metaspace       used 54776K, capacity 56640K, committed 56704K, reserved 1097728K
  class space    used 7537K, capacity 8044K, committed 8064K, reserved 1048576K
Event: 12.995 GC heap after
Heap after GC invocations=12 (full 2):
 PSYoungGen      total 203264K, used 16381K [0x00000000e0000000, 0x00000000ee380000, 0x0000000100000000)
  eden space 186880K, 0% used [0x00000000e0000000,0x00000000e0000000,0x00000000eb680000)
  from space 16384K, 99% used [0x00000000ecb00000,0x00000000edaff540,0x00000000edb00000)
  to   space 20992K, 0% used [0x00000000eb680000,0x00000000eb680000,0x00000000ecb00000)
 ParOldGen       total 93184K, used 27177K [0x00000000a0000000, 0x00000000a5b00000, 0x00000000e0000000)
  object space 93184K, 29% used [0x00000000a0000000,0x00000000a1a8a540,0x00000000a5b00000)
 Metaspace       used 54776K, capacity 56640K, committed 56704K, reserved 1097728K
  class space    used 7537K, capacity 8044K, committed 8064K, reserved 1048576K
}
Event: 14.221 GC heap before
{Heap before GC invocations=13 (full 2):
 PSYoungGen      total 203264K, used 146285K [0x00000000e0000000, 0x00000000ee380000, 0x0000000100000000)
  eden space 186880K, 69% used [0x00000000e0000000,0x00000000e7edc0d8,0x00000000eb680000)
  from space 16384K, 99% used [0x00000000ecb00000,0x00000000edaff540,0x00000000edb00000)
  to   space 20992K, 0% used [0x00000000eb680000,0x00000000eb680000,0x00000000ecb00000)
 ParOldGen       total 93184K, used 27177K [0x00000000a0000000, 0x00000000a5b00000, 0x00000000e0000000)
  object space 93184K, 29% used [0x00000000a0000000,0x00000000a1a8a540,0x00000000a5b00000)
 Metaspace       used 57128K, capacity 58988K, committed 59028K, reserved 1099776K
  class space    used 7919K, capacity 8435K, committed 8448K, reserved 1048576K
Event: 14.276 GC heap after
Heap after GC invocations=13 (full 2):
 PSYoungGen      total 207872K, used 20973K [0x00000000e0000000, 0x00000000ee380000, 0x0000000100000000)
  eden space 186880K, 0% used [0x00000000e0000000,0x00000000e0000000,0x00000000eb680000)
  from space 20992K, 99% used [0x00000000eb680000,0x00000000ecafb7f0,0x00000000ecb00000)
  to   space 16384K, 0% used [0x00000000ecb00000,0x00000000ecb00000,0x00000000edb00000)
 ParOldGen       total 93184K, used 36703K [0x00000000a0000000, 0x00000000a5b00000, 0x00000000e0000000)
  object space 93184K, 39% used [0x00000000a0000000,0x00000000a23d7e40,0x00000000a5b00000)
 Metaspace       used 57128K, capacity 58988K, committed 59028K, reserved 1099776K
  class space    used 7919K, capacity 8435K, committed 8448K, reserved 1048576K
}
Event: 14.276 GC heap before
{Heap before GC invocations=14 (full 3):
 PSYoungGen      total 207872K, used 20973K [0x00000000e0000000, 0x00000000ee380000, 0x0000000100000000)
  eden space 186880K, 0% used [0x00000000e0000000,0x00000000e0000000,0x00000000eb680000)
  from space 20992K, 99% used [0x00000000eb680000,0x00000000ecafb7f0,0x00000000ecb00000)
  to   space 16384K, 0% used [0x00000000ecb00000,0x00000000ecb00000,0x00000000edb00000)
 ParOldGen       total 93184K, used 36703K [0x00000000a0000000, 0x00000000a5b00000, 0x00000000e0000000)
  object space 93184K, 39% used [0x00000000a0000000,0x00000000a23d7e40,0x00000000a5b00000)
 Metaspace       used 57128K, capacity 58988K, committed 59028K, reserved 1099776K
  class space    used 7919K, capacity 8435K, committed 8448K, reserved 1048576K
Event: 14.703 GC heap after
Heap after GC invocations=14 (full 3):
 PSYoungGen      total 207872K, used 0K [0x00000000e0000000, 0x00000000ee380000, 0x0000000100000000)
  eden space 186880K, 0% used [0x00000000e0000000,0x00000000e0000000,0x00000000eb680000)
  from space 20992K, 0% used [0x00000000eb680000,0x00000000eb680000,0x00000000ecb00000)
  to   space 16384K, 0% used [0x00000000ecb00000,0x00000000ecb00000,0x00000000edb00000)
 ParOldGen       total 93184K, used 46617K [0x00000000a0000000, 0x00000000a5b00000, 0x00000000e0000000)
  object space 93184K, 50% used [0x00000000a0000000,0x00000000a2d86560,0x00000000a5b00000)
 Metaspace       used 57128K, capacity 58988K, committed 59028K, reserved 1099776K
  class space    used 7919K, capacity 8435K, committed 8448K, reserved 1048576K
}

